<?xml version="1.0" encoding="UTF-8"?>
<!-- Generated by org.testng.reporters.JUnitReportReporter -->
<testsuite hostname="US-PF2J9YJN" failures="0" tests="2" name="testcase.EditLeadTC" time="40.316" errors="0" timestamp="2021-08-26T11:36:16 PDT" skipped="0">
  <testcase classname="testcase.EditLeadTC" name="runEditLeadTC" time="18.438"/>
  <system-out/>
  <testcase classname="testcase.EditLeadTC" name="runEditLeadTC" time="21.878"/>
  <system-out/>
</testsuite> <!-- testcase.EditLeadTC -->
