<?xml version="1.0" encoding="UTF-8"?>
<!-- Generated by org.testng.reporters.JUnitReportReporter -->
<testsuite hostname="US-PF2J9YJN" failures="0" tests="2" name="testcase.CreateleadTC" time="39.870" errors="0" timestamp="2021-08-26T11:35:40 PDT" skipped="0">
  <testcase classname="testcase.CreateleadTC" name="runcreateLeadTC" time="19.648"/>
  <system-out/>
  <testcase classname="testcase.CreateleadTC" name="runcreateLeadTC" time="20.222"/>
  <system-out/>
</testsuite> <!-- testcase.CreateleadTC -->
