<?xml version="1.0" encoding="UTF-8"?>
<!-- Generated by org.testng.reporters.JUnitReportReporter -->
<testsuite hostname="US-PF2J9YJN" failures="0" tests="1" name="testcase.DeleteLeadTC" time="23.320" errors="0" timestamp="2021-08-26T11:29:07 PDT" skipped="0">
  <testcase classname="testcase.DeleteLeadTC" name="runDeleteLeadTC" time="23.320"/>
  <system-out/>
</testsuite> <!-- testcase.DeleteLeadTC -->
